<?xml version="1.0" encoding="UTF-8" ?>
<testsuite failures="0" time="1.12" errors="0" skipped="0" tests="1" name="pl.edu.agh.iosr.virtgraph.DbRunnerTest">
  <properties>
    <property name="java.runtime.name" value="Java(TM) SE Runtime Environment"/>
    <property name="sun.boot.library.path" value="C:\Program Files\Java\jdk1.6.0_21\jre\bin"/>
    <property name="java.vm.version" value="17.0-b17"/>
    <property name="java.vm.vendor" value="Sun Microsystems Inc."/>
    <property name="java.vendor.url" value="http://java.sun.com/"/>
    <property name="path.separator" value=";"/>
    <property name="guice.disable.misplaced.annotation.check" value="true"/>
    <property name="java.vm.name" value="Java HotSpot(TM) 64-Bit Server VM"/>
    <property name="file.encoding.pkg" value="sun.io"/>
    <property name="user.country" value="PL"/>
    <property name="sun.java.launcher" value="SUN_STANDARD"/>
    <property name="sun.os.patch.level" value="Service Pack 1"/>
    <property name="java.vm.specification.name" value="Java Virtual Machine Specification"/>
    <property name="user.dir" value="D:\studia\agh\8semestr\iosr\proj\virtgraph"/>
    <property name="java.runtime.version" value="1.6.0_21-b07"/>
    <property name="java.awt.graphicsenv" value="sun.awt.Win32GraphicsEnvironment"/>
    <property name="java.endorsed.dirs" value="C:\Program Files\Java\jdk1.6.0_21\jre\lib\endorsed"/>
    <property name="os.arch" value="amd64"/>
    <property name="java.io.tmpdir" value="C:\Users\Khar\AppData\Local\Temp\"/>
    <property name="line.separator" value="
"/>
    <property name="java.vm.specification.vendor" value="Sun Microsystems Inc."/>
    <property name="user.variant" value=""/>
    <property name="os.name" value="Windows 7"/>
    <property name="classworlds.conf" value="D:\dev\lib\apache-maven-3.0.5\bin\..\bin\m2.conf"/>
    <property name="sun.jnu.encoding" value="Cp1250"/>
    <property name="java.library.path" value="C:\Program Files\Java\jdk1.6.0_21\bin;.;C:\Windows\Sun\Java\bin;C:\Windows\system32;C:\Windows;C:\Program Files (x86)\NVIDIA Corporation\PhysX\Common;C:\Program Files (x86)\OCaml\bin;C:\Program Files\Common Files\Microsoft Shared\Windows Live;C:\Program Files (x86)\Common Files\Microsoft Shared\Windows Live;C:\Windows\system32;C:\Windows;C:\Windows\System32\Wbem;C:\Windows\System32\WindowsPowerShell\v1.0\;C:\Program Files\Broadcom\Broadcom 802.11 Network Adapter\Driver;C:\Program Files\WIDCOMM\Bluetooth Software\;C:\Program Files\WIDCOMM\Bluetooth Software\syswow64;C:\Program Files\Java\jdk1.6.0_21\bin;C:\Program Files (x86)\Microsoft SQL Server\90\Tools\binn\;C:\Program Files (x86)\Windows Live\Shared;C:\Python27;C:\Program Files (x86)\Groovy\Groovy-1.8.0\bin;C:\Program Files (x86)\Microsoft Visual Studio 10.0\VC\bin;C:\Program Files (x86)\Microsoft Visual Studio 10.0\Common7\IDE;C:\Program Files (x86)\GnuWin32\bin;C:\GetGnuWin32\gnuwin32\bin;C:\MinGW\bin;C:\Program Files\TortoiseSVN\bin;C:\apache-ant-1.8.3-bin\apache-ant-1.8.3\bin;C:\Program Files\TortoiseHg\;D:\matlab\runtime\win64;D:\matlab\bin;C:\Program Files (x86)\MiKTeX 2.9\miktex\bin\;D:\dev\lib\apache-maven-3.0.5\bin;D:\inne\OpenNI\Bin"/>
    <property name="java.specification.name" value="Java Platform API Specification"/>
    <property name="java.class.version" value="50.0"/>
    <property name="sun.management.compiler" value="HotSpot 64-Bit Server Compiler"/>
    <property name="os.version" value="6.1"/>
    <property name="user.home" value="C:\Users\Khar"/>
    <property name="user.timezone" value="Europe/Belgrade"/>
    <property name="java.awt.printerjob" value="sun.awt.windows.WPrinterJob"/>
    <property name="file.encoding" value="Cp1250"/>
    <property name="java.specification.version" value="1.6"/>
    <property name="user.name" value="Khar"/>
    <property name="java.class.path" value="D:\dev\lib\apache-maven-3.0.5\bin\..\boot\plexus-classworlds-2.4.jar"/>
    <property name="java.vm.specification.version" value="1.0"/>
    <property name="sun.arch.data.model" value="64"/>
    <property name="java.home" value="C:\Program Files\Java\jdk1.6.0_21\jre"/>
    <property name="java.specification.vendor" value="Sun Microsystems Inc."/>
    <property name="user.language" value="pl"/>
    <property name="awt.toolkit" value="sun.awt.windows.WToolkit"/>
    <property name="java.vm.info" value="mixed mode"/>
    <property name="java.version" value="1.6.0_21"/>
    <property name="java.ext.dirs" value="C:\Program Files\Java\jdk1.6.0_21\jre\lib\ext;C:\Windows\Sun\Java\lib\ext"/>
    <property name="sun.boot.class.path" value="C:\Program Files\Java\jdk1.6.0_21\jre\lib\resources.jar;C:\Program Files\Java\jdk1.6.0_21\jre\lib\rt.jar;C:\Program Files\Java\jdk1.6.0_21\jre\lib\sunrsasign.jar;C:\Program Files\Java\jdk1.6.0_21\jre\lib\jsse.jar;C:\Program Files\Java\jdk1.6.0_21\jre\lib\jce.jar;C:\Program Files\Java\jdk1.6.0_21\jre\lib\charsets.jar;C:\Program Files\Java\jdk1.6.0_21\jre\classes"/>
    <property name="java.vendor" value="Sun Microsystems Inc."/>
    <property name="maven.home" value="D:\dev\lib\apache-maven-3.0.5\bin\.."/>
    <property name="file.separator" value="\"/>
    <property name="java.vendor.url.bug" value="http://java.sun.com/cgi-bin/bugreport.cgi"/>
    <property name="sun.cpu.endian" value="little"/>
    <property name="sun.io.unicode.encoding" value="UnicodeLittle"/>
    <property name="sun.desktop" value="windows"/>
    <property name="sun.cpu.isalist" value="amd64"/>
  </properties>
  <testcase time="1.11" classname="pl.edu.agh.iosr.virtgraph.DbRunnerTest" name="shouldCreateDbGetAndRemoveData"/>
</testsuite>